2019.06.26 at 10:16:02 CST INFO  org.springframework.boot.StartupInfoLogger logStarting() @50 - Starting ShangweijiApplication on PC-20190121PWAV with PID 5384 (E:\sts-space\shangweiji\target\classes started by Administrator in E:\sts-space\shangweiji)
2019.06.26 at 10:16:02 CST INFO  org.springframework.boot.SpringApplication logStartupProfileInfo() @675 - No active profile set, falling back to default profiles: default
2019.06.26 at 10:16:02 CST INFO  org.springframework.boot.logging.DeferredLog logTo() @227 - Devtools property defaults active! Set 'spring.devtools.add-properties' to 'false' to disable
2019.06.26 at 10:16:02 CST INFO  org.springframework.boot.logging.DeferredLog logTo() @227 - For additional web related logging consider setting the 'logging.level.web' property to 'DEBUG'
2019.06.26 at 10:16:02 CST WARN  org.mybatis.logging.Logger warn() @44 - No MyBatis mapper was found in '[com.uppermac]' package. Please check your configuration.
2019.06.26 at 10:16:02 CST INFO  org.springframework.data.repository.config.RepositoryConfigurationDelegate multipleStoresDetected() @244 - Multiple Spring Data modules found, entering strict repository configuration mode!
2019.06.26 at 10:16:02 CST INFO  org.springframework.data.repository.config.RepositoryConfigurationDelegate registerRepositoriesIn() @126 - Bootstrapping Spring Data repositories in DEFAULT mode.
2019.06.26 at 10:16:02 CST INFO  org.springframework.data.repository.config.RepositoryConfigurationDelegate registerRepositoriesIn() @182 - Finished Spring Data repository scanning in 63ms. Found 8 repository interfaces.
2019.06.26 at 10:16:02 CST INFO  org.springframework.data.repository.config.RepositoryConfigurationDelegate multipleStoresDetected() @244 - Multiple Spring Data modules found, entering strict repository configuration mode!
2019.06.26 at 10:16:02 CST INFO  org.springframework.data.repository.config.RepositoryConfigurationDelegate registerRepositoriesIn() @126 - Bootstrapping Spring Data repositories in DEFAULT mode.
2019.06.26 at 10:16:02 CST INFO  org.springframework.data.repository.config.RepositoryConfigurationExtensionSupport isStrictRepositoryCandidate() @363 - Spring Data Redis - Could not safely identify store assignment for repository candidate interface com.uppermac.repository.CameraPortraitRepository.
2019.06.26 at 10:16:02 CST INFO  org.springframework.data.repository.config.RepositoryConfigurationExtensionSupport isStrictRepositoryCandidate() @363 - Spring Data Redis - Could not safely identify store assignment for repository candidate interface com.uppermac.repository.TbCompanyUserRepository.
2019.06.26 at 10:16:02 CST INFO  org.springframework.data.repository.config.RepositoryConfigurationExtensionSupport isStrictRepositoryCandidate() @363 - Spring Data Redis - Could not safely identify store assignment for repository candidate interface com.uppermac.repository.TbDeviceRepository.
2019.06.26 at 10:16:02 CST INFO  org.springframework.data.repository.config.RepositoryConfigurationExtensionSupport isStrictRepositoryCandidate() @363 - Spring Data Redis - Could not safely identify store assignment for repository candidate interface com.uppermac.repository.TbFaceDecFloorRepository.
2019.06.26 at 10:16:02 CST INFO  org.springframework.data.repository.config.RepositoryConfigurationExtensionSupport isStrictRepositoryCandidate() @363 - Spring Data Redis - Could not safely identify store assignment for repository candidate interface com.uppermac.repository.TbScanrecodeRepository.
2019.06.26 at 10:16:02 CST INFO  org.springframework.data.repository.config.RepositoryConfigurationExtensionSupport isStrictRepositoryCandidate() @363 - Spring Data Redis - Could not safely identify store assignment for repository candidate interface com.uppermac.repository.TbStaffRepository.
2019.06.26 at 10:16:02 CST INFO  org.springframework.data.repository.config.RepositoryConfigurationExtensionSupport isStrictRepositoryCandidate() @363 - Spring Data Redis - Could not safely identify store assignment for repository candidate interface com.uppermac.repository.TowerInforRepository.
2019.06.26 at 10:16:02 CST INFO  org.springframework.data.repository.config.RepositoryConfigurationExtensionSupport isStrictRepositoryCandidate() @363 - Spring Data Redis - Could not safely identify store assignment for repository candidate interface com.uppermac.repository.VisitInOrOutRepository.
2019.06.26 at 10:16:02 CST INFO  org.springframework.data.repository.config.RepositoryConfigurationDelegate registerRepositoriesIn() @182 - Finished Spring Data repository scanning in 16ms. Found 0 repository interfaces.
2019.06.26 at 10:16:03 CST INFO  org.springframework.context.support.PostProcessorRegistrationDelegate$BeanPostProcessorChecker postProcessAfterInitialization() @330 - Bean 'org.springframework.transaction.annotation.ProxyTransactionManagementConfiguration' of type [org.springframework.transaction.annotation.ProxyTransactionManagementConfiguration$$EnhancerBySpringCGLIB$$402398e2] is not eligible for getting processed by all BeanPostProcessors (for example: not eligible for auto-proxying)
2019.06.26 at 10:16:03 CST INFO  org.springframework.boot.web.embedded.tomcat.TomcatWebServer initialize() @90 - Tomcat initialized with port(s): 8080 (http)
2019.06.26 at 10:16:03 CST INFO  org.apache.juli.logging.DirectJDKLog log() @173 - Initializing ProtocolHandler ["http-nio-8080"]
2019.06.26 at 10:16:03 CST INFO  org.apache.juli.logging.DirectJDKLog log() @173 - Starting service [Tomcat]
2019.06.26 at 10:16:03 CST INFO  org.apache.juli.logging.DirectJDKLog log() @173 - Starting Servlet engine: [Apache Tomcat/9.0.14]
2019.06.26 at 10:16:03 CST INFO  org.apache.juli.logging.DirectJDKLog log() @173 - The APR based Apache Tomcat Native library which allows optimal performance in production environments was not found on the java.library.path: [C:\Program Files\Java\jdk1.8.0_131\bin;C:\Windows\Sun\Java\bin;C:\Windows\system32;C:\Windows;C:/Program Files/Java/jdk1.8.0_131/bin/../jre/bin/server;C:/Program Files/Java/jdk1.8.0_131/bin/../jre/bin;C:/Program Files/Java/jdk1.8.0_131/bin/../jre/lib/amd64;C:\Windows\system32;C:\Windows;C:\Windows\System32\Wbem;C:\Windows\System32\WindowsPowerShell\v1.0\;C:\Program Files\Java\jdk1.8.0_131\bin;C:\Program Files\Java\jdk1.8.0_131\jre\bin;D:\apache-maven-3.5.4\bin;C:\Program Files\MySQL\MySQL Server 5.5\bin;C:\Program Files\TortoiseSVN\bin;C:\Users\Administrator\AppData\Local\Android\Sdk\platform-tools;C:\Users\Administrator\AppData\Local\Android\Sdk\tools;D:\Git\Git\cmd;D:\fluttersdk\flutter\bin;;D:\驱动精灵\DriverGenius;D:\驱动精灵\DriverGenius\ksoft;C:\Program Files\sts-4.1.1.RELEASE;;.]
2019.06.26 at 10:16:03 CST INFO  org.apache.juli.logging.DirectJDKLog log() @173 - Initializing Spring embedded WebApplicationContext
2019.06.26 at 10:16:03 CST DEBUG org.springframework.boot.web.servlet.context.ServletWebServerApplicationContext prepareWebApplicationContext() @288 - Published root WebApplicationContext as ServletContext attribute with name [org.springframework.web.context.WebApplicationContext.ROOT]
2019.06.26 at 10:16:03 CST INFO  org.springframework.boot.web.servlet.context.ServletWebServerApplicationContext prepareWebApplicationContext() @296 - Root WebApplicationContext: initialization completed in 1341 ms
2019.06.26 at 10:16:03 CST INFO  com.zaxxer.hikari.HikariDataSource getConnection() @110 - HikariPool-1 - Starting...
2019.06.26 at 10:16:03 CST WARN  com.zaxxer.hikari.util.DriverDataSource <init>() @68 - Registered driver with driverClassName=com.mysql.jdbc.Driver was not found, trying direct instantiation.
2019.06.26 at 10:16:03 CST INFO  com.zaxxer.hikari.HikariDataSource getConnection() @123 - HikariPool-1 - Start completed.
2019.06.26 at 10:16:04 CST INFO  org.springframework.orm.jpa.AbstractEntityManagerFactoryBean buildNativeEntityManagerFactory() @415 - Initialized JPA EntityManagerFactory for persistence unit 'default'
2019.06.26 at 10:16:05 CST DEBUG org.springframework.web.servlet.handler.SimpleUrlHandlerMapping registerHandlers() @139 - Patterns [/**/favicon.ico] in 'faviconHandlerMapping'
2019.06.26 at 10:16:05 CST INFO  org.springframework.scheduling.concurrent.ExecutorConfigurationSupport initialize() @171 - Initializing ExecutorService 'applicationTaskExecutor'
2019.06.26 at 10:16:05 CST DEBUG org.springframework.web.servlet.mvc.method.annotation.RequestMappingHandlerAdapter initControllerAdviceCache() @622 - ControllerAdvice beans: 0 @ModelAttribute, 0 @InitBinder, 1 RequestBodyAdvice, 1 ResponseBodyAdvice
2019.06.26 at 10:16:05 CST WARN  org.springframework.boot.autoconfigure.orm.jpa.JpaBaseConfiguration$JpaWebConfiguration$JpaWebMvcConfiguration openEntityManagerInViewInterceptor() @234 - spring.jpa.open-in-view is enabled by default. Therefore, database queries may be performed during view rendering. Explicitly configure spring.jpa.open-in-view to disable this warning
2019.06.26 at 10:16:05 CST DEBUG org.springframework.web.servlet.handler.AbstractHandlerMethodMapping handlerMethodsInitialized() @353 - 17 mappings in 'requestMappingHandlerMapping'
2019.06.26 at 10:16:05 CST DEBUG org.springframework.web.servlet.handler.SimpleUrlHandlerMapping registerHandlers() @139 - Patterns [/webjars/**, /**] in 'resourceHandlerMapping'
2019.06.26 at 10:16:05 CST DEBUG org.springframework.web.servlet.mvc.method.annotation.ExceptionHandlerExceptionResolver initExceptionHandlerAdviceCache() @302 - ControllerAdvice beans: 0 @ExceptionHandler, 1 ResponseBodyAdvice
2019.06.26 at 10:16:05 CST INFO  org.springframework.scheduling.concurrent.ExecutorConfigurationSupport initialize() @171 - Initializing ExecutorService 'taskScheduler'
2019.06.26 at 10:16:05 CST INFO  org.springframework.boot.devtools.autoconfigure.OptionalLiveReloadServer startServer() @57 - LiveReload server is running on port 35729
2019.06.26 at 10:16:05 CST INFO  com.uppermac.GetCompanyUser$1 run() @61 - 准备更新大楼员工数据------------------
2019.06.26 at 10:16:05 CST INFO  com.uppermac.GetStaffStatUp$1 run() @75 - 准备拉取云端数据------------------
2019.06.26 at 10:16:05 CST INFO  org.apache.juli.logging.DirectJDKLog log() @173 - Starting ProtocolHandler ["http-nio-8080"]
2019.06.26 at 10:16:05 CST INFO  org.springframework.boot.web.embedded.tomcat.TomcatWebServer start() @204 - Tomcat started on port(s): 8080 (http) with context path '/shangweiji'
2019.06.26 at 10:16:05 CST INFO  org.springframework.boot.StartupInfoLogger logStarted() @59 - Started ShangweijiApplication in 3.745 seconds (JVM running for 4.532)
2019.06.26 at 10:16:05 CST INFO  com.uppermac.GetCompanyUser getOrgInformation() @80 - 开始更新大楼员工数据
2019.06.26 at 10:16:05 CST INFO  com.uppermac.GetCompanyUser getOrgInformation() @90 - 获取员工数据地址：http://47.99.209.40:8082/companyUser/findApplySucOrg
2019.06.26 at 10:16:05 CST INFO  com.uppermac.GetStaffStatUp getStaff() @108 - 拉取地址：http://47.99.209.40:8082/foreign/findOrgCode/00000001/hlxz/1/1
2019.06.26 at 10:16:05 CST WARN  com.uppermac.GetStaffStatUp getStaff() @139 - 无访问数据内容
2019.06.26 at 10:16:15 CST INFO  com.uppermac.GetStaffStatUp$1 run() @75 - 准备拉取云端数据------------------
2019.06.26 at 10:16:15 CST INFO  com.uppermac.GetStaffStatUp getStaff() @108 - 拉取地址：http://47.99.209.40:8082/foreign/findOrgCode/00000001/hlxz/1/1
2019.06.26 at 10:16:15 CST WARN  com.uppermac.GetStaffStatUp getStaff() @139 - 无访问数据内容
2019.06.26 at 10:16:22 CST INFO  org.springframework.boot.admin.SpringApplicationAdminMXBeanRegistrar$SpringApplicationAdmin shutdown() @164 - Application shutdown requested.
2019.06.26 at 10:16:22 CST INFO  org.springframework.scheduling.concurrent.ExecutorConfigurationSupport shutdown() @208 - Shutting down ExecutorService 'taskScheduler'
2019.06.26 at 10:16:22 CST INFO  org.springframework.scheduling.concurrent.ExecutorConfigurationSupport shutdown() @208 - Shutting down ExecutorService 'applicationTaskExecutor'
2019.06.26 at 10:16:22 CST INFO  org.springframework.orm.jpa.AbstractEntityManagerFactoryBean destroy() @597 - Closing JPA EntityManagerFactory for persistence unit 'default'
2019.06.26 at 10:16:22 CST INFO  com.zaxxer.hikari.HikariDataSource close() @350 - HikariPool-1 - Shutdown initiated...
2019.06.26 at 10:16:22 CST INFO  com.zaxxer.hikari.HikariDataSource close() @352 - HikariPool-1 - Shutdown completed.
